<?xml version="1.0" encoding="UTF-8"?>
<!-- Context for database tests -->
<beans xmlns="http://www.springframework.org/schema/beans"
       xmlns:xsi="http://www.w3.org/2001/XMLSchema-instance"
       xmlns:context="http://www.springframework.org/schema/context"
       xmlns:p="http://www.springframework.org/schema/p"
       xmlns:tx="http://www.springframework.org/schema/tx"
       xmlns:jpa="http://www.springframework.org/schema/data/jpa"
       xsi:schemaLocation="http://www.springframework.org/schema/beans
                           http://www.springframework.org/schema/beans/spring-beans.xsd
                           http://www.springframework.org/schema/context
                           http://www.springframework.org/schema/context/spring-context.xsd
                           http://www.springframework.org/schema/tx
                           http://www.springframework.org/schema/tx/spring-tx-4.0.xsd
                           http://www.springframework.org/schema/data/jpa
                           http://www.springframework.org/schema/data/jpa/spring-jpa.xsd">

    <!-- Use the test database properties -->
    <context:property-placeholder location="classpath:test-database.properties" />

    <!-- Use the defined repositories from the repository package -->
    <jpa:repositories base-package="de.davelee.trams.customer.repository" />

    <!-- Use the defined services to access the database -->
    <context:component-scan base-package="de.davelee.trams.customer.services"/>

    <!-- Create transaction manager to manage transactions in test -->
    <bean id="transactionManager"
          class="org.springframework.orm.jpa.JpaTransactionManager"
          p:entityManagerFactory-ref="entityManagerFactory"/>

    <!-- Define data source based on database properties -->
    <bean name="dataSource" class="org.springframework.jdbc.datasource.DriverManagerDataSource">
        <property name="driverClassName" value="${database.driver}" />
        <property name="url" value="${database.url}" />
        <property name="username" value="${database.username}" />
        <property name="password" value="${database.password}" />
    </bean>

    <!-- Activate transaction manager -->
    <tx:annotation-driven transaction-manager="transactionManager"/>

    <!-- Define entity manager and use entities from data package -->
    <bean id="entityManagerFactory" class="org.springframework.orm.jpa.LocalContainerEntityManagerFactoryBean">
        <property name="dataSource" ref="dataSource" />
        <property name="packagesToScan" value="de.davelee.trams.customer.data" />
        <property name="jpaVendorAdapter">
            <bean class="org.springframework.orm.jpa.vendor.HibernateJpaVendorAdapter" />
        </property>
        <property name="jpaProperties">
            <props>
                <prop key="hibernate.hbm2ddl.auto">${database.hbm.auto}</prop>
                <prop key="hibernate.dialect">${database.dialect}</prop>
            </props>
        </property>
    </bean>

</beans>